<?xml version="1.0" encoding="UTF-8"?>
<!-- Generated by org.testng.reporters.JUnitXMLReporter -->
<testsuite hostname="LNAR-PC0AET4B" name="Chrome2" tests="1" failures="1" timestamp="28 Jul 2017 18:23:47 GMT" time="27.244" errors="0">
  <testcase name="ScriptExecution" time="20.787" classname="com.java.TestSuitDriver.TestSuitRun">
    <failure type="java.lang.AssertionError" message="The following asserts failed:
	

******** Home_Page: Found 4 accessibility violations:
1) Page must have means to bypass repeated blocks: https://dequeuniversity.com/rules/axe/2.0/bypass?application=axeAPI
  a) [&amp;quot;html&amp;quot;]
    Fix any of the following:
      No valid skip link found
      Page does not have a header
      Page does not have a landmark region


2) &amp;lt;html&amp;gt; element must have a lang attribute: https://dequeuniversity.com/rules/axe/2.0/html-has-lang?application=axeAPI
  a) [&amp;quot;html&amp;quot;]
    Fix any of the following:
      The &amp;lt;html&amp;gt; element does not have a lang attribute


3) Form elements must have labels: https://dequeuniversity.com/rules/axe/2.0/label?application=axeAPI
  a) [&amp;quot;#username&amp;quot;]
    Fix any of the following:
      aria-label attribute does not exist or is empty
      aria-labelledby attribute does not exist, references elements that do not exist or references elements that are empty or not visible
      Form element does not have an implicit (wrapped) &amp;lt;label&amp;gt;
      Form element does not have an explicit &amp;lt;label&amp;gt;
      Element has no title attribute or the title attribute is empty


  b) [&amp;quot;#password&amp;quot;]
    Fix any of the following:
      aria-label attribute does not exist or is empty
      aria-labelledby attribute does not exist, references elements that do not exist or references elements that are empty or not visible
      Form element does not have an implicit (wrapped) &amp;lt;label&amp;gt;
      Form element does not have an explicit &amp;lt;label&amp;gt;
      Element has no title attribute or the title attribute is empty


4) Data or header cells should not be used to give caption to a data table.: https://dequeuniversity.com/rules/axe/2.0/table-fake-caption?application=axeAPI
  a) [&amp;quot;#login_form &amp;gt; .login&amp;quot;]
    Fix all of the following:
      The first row of the table should be a caption instead of a table cell

 expected [true] but found [false]">
      <![CDATA[java.lang.AssertionError: The following asserts failed:
	

******** Home_Page: Found 4 accessibility violations:
1) Page must have means to bypass repeated blocks: https://dequeuniversity.com/rules/axe/2.0/bypass?application=axeAPI
  a) ["html"]
    Fix any of the following:
      No valid skip link found
      Page does not have a header
      Page does not have a landmark region


2) <html> element must have a lang attribute: https://dequeuniversity.com/rules/axe/2.0/html-has-lang?application=axeAPI
  a) ["html"]
    Fix any of the following:
      The <html> element does not have a lang attribute


3) Form elements must have labels: https://dequeuniversity.com/rules/axe/2.0/label?application=axeAPI
  a) ["#username"]
    Fix any of the following:
      aria-label attribute does not exist or is empty
      aria-labelledby attribute does not exist, references elements that do not exist or references elements that are empty or not visible
      Form element does not have an implicit (wrapped) <label>
      Form element does not have an explicit <label>
      Element has no title attribute or the title attribute is empty


  b) ["#password"]
    Fix any of the following:
      aria-label attribute does not exist or is empty
      aria-labelledby attribute does not exist, references elements that do not exist or references elements that are empty or not visible
      Form element does not have an implicit (wrapped) <label>
      Form element does not have an explicit <label>
      Element has no title attribute or the title attribute is empty


4) Data or header cells should not be used to give caption to a data table.: https://dequeuniversity.com/rules/axe/2.0/table-fake-caption?application=axeAPI
  a) ["#login_form > .login"]
    Fix all of the following:
      The first row of the table should be a caption instead of a table cell

 expected [true] but found [false]
	at com.java.TestSuitDriver.TestSuitRun.ScriptExecution(TestSuitRun.java:181)
	at java.util.concurrent.FutureTask.run(FutureTask.java:266)
	at java.util.concurrent.ThreadPoolExecutor.runWorker(ThreadPoolExecutor.java:1142)
	at java.util.concurrent.ThreadPoolExecutor$Worker.run(ThreadPoolExecutor.java:617)
	at java.lang.Thread.run(Thread.java:745)
... Removed 17 stack frames]]>
    </failure>
  </testcase> <!-- ScriptExecution -->
</testsuite> <!-- Chrome2 -->
