<?xml version="1.0" encoding="UTF-8"?>
<testng-results skipped="0" failed="1" total="1" passed="0">
  <reporter-output>
  </reporter-output>
  <suite name="ADATesting" duration-ms="26290" started-at="2017-07-28T18:16:30Z" finished-at="2017-07-28T18:16:57Z">
    <groups>
    </groups>
    <test name="Chrome1" duration-ms="26290" started-at="2017-07-28T18:16:30Z" finished-at="2017-07-28T18:16:57Z">
      <class name="com.java.TestSuitDriver.TestSuitRun">
        <test-method status="PASS" signature="Setup(java.lang.String, java.lang.String, java.lang.String, java.lang.String, org.testng.ITestContext)[pri:0, instance:com.java.TestSuitDriver.TestSuitRun@13805618]" name="Setup" is-config="true" duration-ms="3403" started-at="2017-07-28T14:16:30Z" finished-at="2017-07-28T14:16:34Z">
          <params>
            <param index="0">
              <value>
                <![CDATA[chrome]]>
              </value>
            </param>
            <param index="1">
              <value>
                <![CDATA[1]]>
              </value>
            </param>
            <param index="2">
              <value>
                <![CDATA[Input.xlsx]]>
              </value>
            </param>
            <param index="3">
              <value>
                <![CDATA[20]]>
              </value>
            </param>
            <param index="4">
              <value>
                <![CDATA[org.testng.TestRunner@370736d9]]>
              </value>
            </param>
          </params>
          <reporter-output>
          </reporter-output>
        </test-method> <!-- Setup -->
        <test-method status="FAIL" signature="ScriptExecution(java.lang.String, java.lang.String)[pri:0, instance:com.java.TestSuitDriver.TestSuitRun@13805618]" name="ScriptExecution" duration-ms="20661" started-at="2017-07-28T14:16:35Z" data-provider="createdata" finished-at="2017-07-28T14:16:55Z">
          <params>
            <param index="0">
              <value>
                <![CDATA[1]]>
              </value>
            </param>
            <param index="1">
              <value>
                <![CDATA[Search Hotel]]>
              </value>
            </param>
          </params>
          <exception class="java.lang.AssertionError">
            <message>
              <![CDATA[The following asserts failed:
	

******** Home_Page: Found 4 accessibility violations:
1) Page must have means to bypass repeated blocks: https://dequeuniversity.com/rules/axe/2.0/bypass?application=axeAPI
  a) ["html"]
    Fix any of the following:
      No valid skip link found
      Page does not have a header
      Page does not have a landmark region


2) <html> element must have a lang attribute: https://dequeuniversity.com/rules/axe/2.0/html-has-lang?application=axeAPI
  a) ["html"]
    Fix any of the following:
      The <html> element does not have a lang attribute


3) Form elements must have labels: https://dequeuniversity.com/rules/axe/2.0/label?application=axeAPI
  a) ["#username"]
    Fix any of the following:
      aria-label attribute does not exist or is empty
      aria-labelledby attribute does not exist, references elements that do not exist or references elements that are empty or not visible
      Form element does not have an implicit (wrapped) <label>
      Form element does not have an explicit <label>
      Element has no title attribute or the title attribute is empty


  b) ["#password"]
    Fix any of the following:
      aria-label attribute does not exist or is empty
      aria-labelledby attribute does not exist, references elements that do not exist or references elements that are empty or not visible
      Form element does not have an implicit (wrapped) <label>
      Form element does not have an explicit <label>
      Element has no title attribute or the title attribute is empty


4) Data or header cells should not be used to give caption to a data table.: https://dequeuniversity.com/rules/axe/2.0/table-fake-caption?application=axeAPI
  a) ["#login_form > .login"]
    Fix all of the following:
      The first row of the table should be a caption instead of a table cell



******** FlightSearch Page: Found 7 accessibility violations:
1) Elements must have sufficient color contrast: https://dequeuniversity.com/rules/axe/2.0/color-contrast?application=axeAPI
  a) ["#search_form > .login > tbody > tr:nth-of-type(2) > td:nth-of-type(1) > .reg_error"]
    Fix any of the following:
      Element has insufficient color contrast of 3.45 (foreground color: #ff0000, background color: #eeeeee, font size: 9.0pt, font weight: normal)


  b) ["#search_form > .login > tbody > tr:nth-of-type(5) > td:nth-of-type(1) > .reg_error"]
    Fix any of the following:
      Element has insufficient color contrast of 3.45 (foreground color: #ff0000, background color: #eeeeee, font size: 9.0pt, font weight: normal)


  c) ["#search_form > .login > tbody > tr:nth-of-type(6) > td:nth-of-type(1) > .reg_error"]
    Fix any of the following:
      Element has insufficient color contrast of 3.45 (foreground color: #ff0000, background color: #eeeeee, font size: 9.0pt, font weight: normal)


  d) ["#search_form > .login > tbody > tr:nth-of-type(7) > td:nth-of-type(1) > .reg_error"]
    Fix any of the following:
      Element has insufficient color contrast of 3.45 (foreground color: #ff0000, background color: #eeeeee, font size: 9.0pt, font weight: normal)


  e) ["#search_form > .login > tbody > tr:nth-of-type(8) > td:nth-of-type(1) > .reg_error"]
    Fix any of the following:
      Element has insufficient color contrast of 3.45 (foreground color: #ff0000, background color: #eeeeee, font size: 9.0pt, font weight: normal)


  f) ["body > .content > tbody > tr:nth-of-type(1) > td:nth-of-type(3) > .right_adv > tbody > tr:nth-of-type(4) > td > iframe","body > .container > .row > div > .panel.panel-default > div > .books_demo > li:nth-of-type(1) > table > tbody > tr > td > a:nth-of-type(2)"]
    Fix any of the following:
      Element has insufficient color contrast of 2.15 (foreground color: #428bca, background color: #99ccff, font size: 10.5pt, font weight: normal)


2) Frames must have unique title attribute: https://dequeuniversity.com/rules/axe/2.0/frame-title?application=axeAPI
  a) ["body > .content > tbody > tr:nth-of-type(1) > td:nth-of-type(3) > .right_adv > tbody > tr:nth-of-type(4) > td > iframe"]
    Fix any of the following:
      Element has no title attribute or the title attribute is empty


3) <html> element must have a lang attribute: https://dequeuniversity.com/rules/axe/2.0/html-has-lang?application=axeAPI
  a) ["html"]
    Fix any of the following:
      The <html> element does not have a lang attribute


  b) ["body > .content > tbody > tr:nth-of-type(1) > td:nth-of-type(3) > .right_adv > tbody > tr:nth-of-type(4) > td > iframe","html"]
    Fix any of the following:
      The <html> element does not have a lang attribute


4) Images must have alternate text: https://dequeuniversity.com/rules/axe/2.0/image-alt?application=axeAPI
  a) ["body > .content > tbody > tr:nth-of-type(1) > td:nth-of-type(3) > .right_adv > tbody > tr:nth-of-type(4) > td > iframe","body > .container > .row > div > .panel.panel-default > div > .books_demo > li:nth-of-type(1) > table > tbody > tr > td > a:nth-of-type(1) > img"]
    Fix any of the following:
      Element does not have an alt attribute
      aria-label attribute does not exist or is empty
      aria-labelledby attribute does not exist, references elements that do not exist or references elements that are empty or not visible
      Element has no title attribute or the title attribute is empty
      Element's default semantics were not overridden with role="presentation"
      Element's default semantics were not overridden with role="none"


5) Form elements must have labels: https://dequeuniversity.com/rules/axe/2.0/label?application=axeAPI
  a) ["#username_show"]
    Fix any of the following:
      aria-label attribute does not exist or is empty
      aria-labelledby attribute does not exist, references elements that do not exist or references elements that are empty or not visible
      Form element does not have an implicit (wrapped) <label>
      Form element does not have an explicit <label>
      Element has no title attribute or the title attribute is empty


  b) ["#location"]
    Fix any of the following:
      aria-label attribute does not exist or is empty
      aria-labelledby attribute does not exist, references elements that do not exist or references elements that are empty or not visible
      Form element does not have an implicit (wrapped) <label>
      Form element does not have an explicit <label>
      Element has no title attribute or the title attribute is empty


  c) ["#hotels"]
    Fix any of the following:
      aria-label attribute does not exist or is empty
      aria-labelledby attribute does not exist, references elements that do not exist or references elements that are empty or not visible
      Form element does not have an implicit (wrapped) <label>
      Form element does not have an explicit <label>
      Element has no title attribute or the title attribute is empty


  d) ["#room_type"]
    Fix any of the following:
      aria-label attribute does not exist or is empty
      aria-labelledby attribute does not exist, references elements that do not exist or references elements that are empty or not visible
      Form element does not have an implicit (wrapped) <label>
      Form element does not have an explicit <label>
      Element has no title attribute or the title attribute is empty


  e) ["#room_nos"]
    Fix any of the following:
      aria-label attribute does not exist or is empty
      aria-labelledby attribute does not exist, references elements that do not exist or references elements that are empty or not visible
      Form element does not have an implicit (wrapped) <label>
      Form element does not have an explicit <label>
      Element has no title attribute or the title attribute is empty


  f) ["#datepick_in"]
    Fix any of the following:
      aria-label attribute does not exist or is empty
      aria-labelledby attribute does not exist, references elements that do not exist or references elements that are empty or not visible
      Form element does not have an implicit (wrapped) <label>
      Form element does not have an explicit <label>
      Element has no title attribute or the title attribute is empty


  g) ["#datepick_out"]
    Fix any of the following:
      aria-label attribute does not exist or is empty
      aria-labelledby attribute does not exist, references elements that do not exist or references elements that are empty or not visible
      Form element does not have an implicit (wrapped) <label>
      Form element does not have an explicit <label>
      Element has no title attribute or the title attribute is empty


  h) ["#adult_room"]
    Fix any of the following:
      aria-label attribute does not exist or is empty
      aria-labelledby attribute does not exist, references elements that do not exist or references elements that are empty or not visible
      Form element does not have an implicit (wrapped) <label>
      Form element does not have an explicit <label>
      Element has no title attribute or the title attribute is empty


  i) ["#child_room"]
    Fix any of the following:
      aria-label attribute does not exist or is empty
      aria-labelledby attribute does not exist, references elements that do not exist or references elements that are empty or not visible
      Form element does not have an implicit (wrapped) <label>
      Form element does not have an explicit <label>
      Element has no title attribute or the title attribute is empty


6) Links must have discernible text: https://dequeuniversity.com/rules/axe/2.0/link-name?application=axeAPI
  a) ["body > .content > tbody > tr:nth-of-type(1) > td:nth-of-type(3) > .right_adv > tbody > tr:nth-of-type(4) > td > iframe","body > .container > .row > div > .panel.panel-default > div > .books_demo > li:nth-of-type(1) > table > tbody > tr > td > a:nth-of-type(1)"]
    Fix all of the following:
      Element is in tab order and does not have accessible text

    Fix any of the following:
      Element does not have text that is visible to screen readers
      aria-label attribute does not exist or is empty
      aria-labelledby attribute does not exist, references elements that do not exist or references elements that are empty or not visible
      Element's default semantics were not overridden with role="presentation"
      Element's default semantics were not overridden with role="none"


7) Data or header cells should not be used to give caption to a data table.: https://dequeuniversity.com/rules/axe/2.0/table-fake-caption?application=axeAPI
  a) ["#search_form > .login"]
    Fix all of the following:
      The first row of the table should be a caption instead of a table cell

 expected [true] but found [false]]]>
            </message>
            <full-stacktrace>
              <![CDATA[java.lang.AssertionError: The following asserts failed:
	

******** Home_Page: Found 4 accessibility violations:
1) Page must have means to bypass repeated blocks: https://dequeuniversity.com/rules/axe/2.0/bypass?application=axeAPI
  a) ["html"]
    Fix any of the following:
      No valid skip link found
      Page does not have a header
      Page does not have a landmark region


2) <html> element must have a lang attribute: https://dequeuniversity.com/rules/axe/2.0/html-has-lang?application=axeAPI
  a) ["html"]
    Fix any of the following:
      The <html> element does not have a lang attribute


3) Form elements must have labels: https://dequeuniversity.com/rules/axe/2.0/label?application=axeAPI
  a) ["#username"]
    Fix any of the following:
      aria-label attribute does not exist or is empty
      aria-labelledby attribute does not exist, references elements that do not exist or references elements that are empty or not visible
      Form element does not have an implicit (wrapped) <label>
      Form element does not have an explicit <label>
      Element has no title attribute or the title attribute is empty


  b) ["#password"]
    Fix any of the following:
      aria-label attribute does not exist or is empty
      aria-labelledby attribute does not exist, references elements that do not exist or references elements that are empty or not visible
      Form element does not have an implicit (wrapped) <label>
      Form element does not have an explicit <label>
      Element has no title attribute or the title attribute is empty


4) Data or header cells should not be used to give caption to a data table.: https://dequeuniversity.com/rules/axe/2.0/table-fake-caption?application=axeAPI
  a) ["#login_form > .login"]
    Fix all of the following:
      The first row of the table should be a caption instead of a table cell



******** FlightSearch Page: Found 7 accessibility violations:
1) Elements must have sufficient color contrast: https://dequeuniversity.com/rules/axe/2.0/color-contrast?application=axeAPI
  a) ["#search_form > .login > tbody > tr:nth-of-type(2) > td:nth-of-type(1) > .reg_error"]
    Fix any of the following:
      Element has insufficient color contrast of 3.45 (foreground color: #ff0000, background color: #eeeeee, font size: 9.0pt, font weight: normal)


  b) ["#search_form > .login > tbody > tr:nth-of-type(5) > td:nth-of-type(1) > .reg_error"]
    Fix any of the following:
      Element has insufficient color contrast of 3.45 (foreground color: #ff0000, background color: #eeeeee, font size: 9.0pt, font weight: normal)


  c) ["#search_form > .login > tbody > tr:nth-of-type(6) > td:nth-of-type(1) > .reg_error"]
    Fix any of the following:
      Element has insufficient color contrast of 3.45 (foreground color: #ff0000, background color: #eeeeee, font size: 9.0pt, font weight: normal)


  d) ["#search_form > .login > tbody > tr:nth-of-type(7) > td:nth-of-type(1) > .reg_error"]
    Fix any of the following:
      Element has insufficient color contrast of 3.45 (foreground color: #ff0000, background color: #eeeeee, font size: 9.0pt, font weight: normal)


  e) ["#search_form > .login > tbody > tr:nth-of-type(8) > td:nth-of-type(1) > .reg_error"]
    Fix any of the following:
      Element has insufficient color contrast of 3.45 (foreground color: #ff0000, background color: #eeeeee, font size: 9.0pt, font weight: normal)


  f) ["body > .content > tbody > tr:nth-of-type(1) > td:nth-of-type(3) > .right_adv > tbody > tr:nth-of-type(4) > td > iframe","body > .container > .row > div > .panel.panel-default > div > .books_demo > li:nth-of-type(1) > table > tbody > tr > td > a:nth-of-type(2)"]
    Fix any of the following:
      Element has insufficient color contrast of 2.15 (foreground color: #428bca, background color: #99ccff, font size: 10.5pt, font weight: normal)


2) Frames must have unique title attribute: https://dequeuniversity.com/rules/axe/2.0/frame-title?application=axeAPI
  a) ["body > .content > tbody > tr:nth-of-type(1) > td:nth-of-type(3) > .right_adv > tbody > tr:nth-of-type(4) > td > iframe"]
    Fix any of the following:
      Element has no title attribute or the title attribute is empty


3) <html> element must have a lang attribute: https://dequeuniversity.com/rules/axe/2.0/html-has-lang?application=axeAPI
  a) ["html"]
    Fix any of the following:
      The <html> element does not have a lang attribute


  b) ["body > .content > tbody > tr:nth-of-type(1) > td:nth-of-type(3) > .right_adv > tbody > tr:nth-of-type(4) > td > iframe","html"]
    Fix any of the following:
      The <html> element does not have a lang attribute


4) Images must have alternate text: https://dequeuniversity.com/rules/axe/2.0/image-alt?application=axeAPI
  a) ["body > .content > tbody > tr:nth-of-type(1) > td:nth-of-type(3) > .right_adv > tbody > tr:nth-of-type(4) > td > iframe","body > .container > .row > div > .panel.panel-default > div > .books_demo > li:nth-of-type(1) > table > tbody > tr > td > a:nth-of-type(1) > img"]
    Fix any of the following:
      Element does not have an alt attribute
      aria-label attribute does not exist or is empty
      aria-labelledby attribute does not exist, references elements that do not exist or references elements that are empty or not visible
      Element has no title attribute or the title attribute is empty
      Element's default semantics were not overridden with role="presentation"
      Element's default semantics were not overridden with role="none"


5) Form elements must have labels: https://dequeuniversity.com/rules/axe/2.0/label?application=axeAPI
  a) ["#username_show"]
    Fix any of the following:
      aria-label attribute does not exist or is empty
      aria-labelledby attribute does not exist, references elements that do not exist or references elements that are empty or not visible
      Form element does not have an implicit (wrapped) <label>
      Form element does not have an explicit <label>
      Element has no title attribute or the title attribute is empty


  b) ["#location"]
    Fix any of the following:
      aria-label attribute does not exist or is empty
      aria-labelledby attribute does not exist, references elements that do not exist or references elements that are empty or not visible
      Form element does not have an implicit (wrapped) <label>
      Form element does not have an explicit <label>
      Element has no title attribute or the title attribute is empty


  c) ["#hotels"]
    Fix any of the following:
      aria-label attribute does not exist or is empty
      aria-labelledby attribute does not exist, references elements that do not exist or references elements that are empty or not visible
      Form element does not have an implicit (wrapped) <label>
      Form element does not have an explicit <label>
      Element has no title attribute or the title attribute is empty


  d) ["#room_type"]
    Fix any of the following:
      aria-label attribute does not exist or is empty
      aria-labelledby attribute does not exist, references elements that do not exist or references elements that are empty or not visible
      Form element does not have an implicit (wrapped) <label>
      Form element does not have an explicit <label>
      Element has no title attribute or the title attribute is empty


  e) ["#room_nos"]
    Fix any of the following:
      aria-label attribute does not exist or is empty
      aria-labelledby attribute does not exist, references elements that do not exist or references elements that are empty or not visible
      Form element does not have an implicit (wrapped) <label>
      Form element does not have an explicit <label>
      Element has no title attribute or the title attribute is empty


  f) ["#datepick_in"]
    Fix any of the following:
      aria-label attribute does not exist or is empty
      aria-labelledby attribute does not exist, references elements that do not exist or references elements that are empty or not visible
      Form element does not have an implicit (wrapped) <label>
      Form element does not have an explicit <label>
      Element has no title attribute or the title attribute is empty


  g) ["#datepick_out"]
    Fix any of the following:
      aria-label attribute does not exist or is empty
      aria-labelledby attribute does not exist, references elements that do not exist or references elements that are empty or not visible
      Form element does not have an implicit (wrapped) <label>
      Form element does not have an explicit <label>
      Element has no title attribute or the title attribute is empty


  h) ["#adult_room"]
    Fix any of the following:
      aria-label attribute does not exist or is empty
      aria-labelledby attribute does not exist, references elements that do not exist or references elements that are empty or not visible
      Form element does not have an implicit (wrapped) <label>
      Form element does not have an explicit <label>
      Element has no title attribute or the title attribute is empty


  i) ["#child_room"]
    Fix any of the following:
      aria-label attribute does not exist or is empty
      aria-labelledby attribute does not exist, references elements that do not exist or references elements that are empty or not visible
      Form element does not have an implicit (wrapped) <label>
      Form element does not have an explicit <label>
      Element has no title attribute or the title attribute is empty


6) Links must have discernible text: https://dequeuniversity.com/rules/axe/2.0/link-name?application=axeAPI
  a) ["body > .content > tbody > tr:nth-of-type(1) > td:nth-of-type(3) > .right_adv > tbody > tr:nth-of-type(4) > td > iframe","body > .container > .row > div > .panel.panel-default > div > .books_demo > li:nth-of-type(1) > table > tbody > tr > td > a:nth-of-type(1)"]
    Fix all of the following:
      Element is in tab order and does not have accessible text

    Fix any of the following:
      Element does not have text that is visible to screen readers
      aria-label attribute does not exist or is empty
      aria-labelledby attribute does not exist, references elements that do not exist or references elements that are empty or not visible
      Element's default semantics were not overridden with role="presentation"
      Element's default semantics were not overridden with role="none"


7) Data or header cells should not be used to give caption to a data table.: https://dequeuniversity.com/rules/axe/2.0/table-fake-caption?application=axeAPI
  a) ["#search_form > .login"]
    Fix all of the following:
      The first row of the table should be a caption instead of a table cell

 expected [true] but found [false]
	at org.testng.asserts.SoftAssert.assertAll(SoftAssert.java:43)
	at com.java.TestSuitDriver.TestSuitRun.ScriptExecution(TestSuitRun.java:181)
	at sun.reflect.NativeMethodAccessorImpl.invoke0(Native Method)
	at sun.reflect.NativeMethodAccessorImpl.invoke(NativeMethodAccessorImpl.java:62)
	at sun.reflect.DelegatingMethodAccessorImpl.invoke(DelegatingMethodAccessorImpl.java:43)
	at java.lang.reflect.Method.invoke(Method.java:498)
	at org.testng.internal.MethodInvocationHelper.invokeMethod(MethodInvocationHelper.java:85)
	at org.testng.internal.Invoker.invokeMethod(Invoker.java:639)
	at org.testng.internal.Invoker.invokeTestMethod(Invoker.java:816)
	at org.testng.internal.Invoker.invokeTestMethods(Invoker.java:1124)
	at org.testng.internal.TestMethodWorker.invokeTestMethods(TestMethodWorker.java:125)
	at org.testng.internal.TestMethodWorker.run(TestMethodWorker.java:108)
	at org.testng.TestRunner.privateRun(TestRunner.java:774)
	at org.testng.TestRunner.run(TestRunner.java:624)
	at org.testng.SuiteRunner.runTest(SuiteRunner.java:359)
	at org.testng.SuiteRunner.access$000(SuiteRunner.java:39)
	at org.testng.SuiteRunner$SuiteWorker.run(SuiteRunner.java:393)
	at org.testng.internal.thread.ThreadUtil$2.call(ThreadUtil.java:64)
	at java.util.concurrent.FutureTask.run(FutureTask.java:266)
	at java.util.concurrent.ThreadPoolExecutor.runWorker(ThreadPoolExecutor.java:1142)
	at java.util.concurrent.ThreadPoolExecutor$Worker.run(ThreadPoolExecutor.java:617)
	at java.lang.Thread.run(Thread.java:745)
]]>
            </full-stacktrace>
          </exception> <!-- java.lang.AssertionError -->
          <reporter-output>
          </reporter-output>
        </test-method> <!-- ScriptExecution -->
        <test-method status="PASS" signature="closeBrowser()[pri:0, instance:com.java.TestSuitDriver.TestSuitRun@13805618]" name="closeBrowser" is-config="true" duration-ms="1087" started-at="2017-07-28T14:16:55Z" finished-at="2017-07-28T14:16:56Z">
          <reporter-output>
          </reporter-output>
        </test-method> <!-- closeBrowser -->
        <test-method status="PASS" signature="closereport()[pri:0, instance:com.java.TestSuitDriver.TestSuitRun@13805618]" name="closereport" is-config="true" duration-ms="338" started-at="2017-07-28T14:16:56Z" finished-at="2017-07-28T14:16:57Z">
          <reporter-output>
          </reporter-output>
        </test-method> <!-- closereport -->
      </class> <!-- com.java.TestSuitDriver.TestSuitRun -->
    </test> <!-- Chrome1 -->
  </suite> <!-- ADATesting -->
</testng-results>
